This file contains any messages produced by compilers while
running configure, to aid debugging if configure makes a mistake.

It was created by gifsicle configure 1.88, which was
generated by GNU Autoconf 2.69.  Invocation command line was

  $ ./configure 

## --------- ##
## Platform. ##
## --------- ##

hostname = Erics-MacBook-Pro.local
uname -m = x86_64
uname -r = 15.3.0
uname -s = Darwin
uname -v = Darwin Kernel Version 15.3.0: Thu Dec 10 18:40:58 PST 2015; root:xnu-3248.30.4~1/RELEASE_X86_64

/usr/bin/uname -p = i386
/bin/uname -X     = unknown

/bin/arch              = unknown
/usr/bin/arch -k       = unknown
/usr/convex/getsysinfo = unknown
/usr/bin/hostinfo      = Mach kernel version:
	 Darwin Kernel Version 15.3.0: Thu Dec 10 18:40:58 PST 2015; root:xnu-3248.30.4~1/RELEASE_X86_64
Kernel configured for up to 8 processors.
4 processors are physically available.
8 processors are logically available.
Processor type: i486 (Intel 80486)
Processors active: 0 1 2 3 4 5 6 7
Primary memory available: 16.00 gigabytes
Default processor set: 259 tasks, 1165 threads, 8 processors
Load average: 1.34, Mach factor: 6.65
/bin/machine           = unknown
/usr/bin/oslevel       = unknown
/bin/universe          = unknown

PATH: /usr/local/bin
PATH: /usr/bin
PATH: /bin
PATH: /usr/sbin
PATH: /sbin
PATH: /opt/ImageMagick/bin


## ----------- ##
## Core tests. ##
## ----------- ##

configure:2456: checking for a BSD-compatible install
configure:2524: result: /usr/bin/install -c
configure:2535: checking whether build environment is sane
configure:2590: result: yes
configure:2741: checking for a thread-safe mkdir -p
configure:2780: result: ./install-sh -c -d
configure:2787: checking for gawk
configure:2817: result: no
configure:2787: checking for mawk
configure:2817: result: no
configure:2787: checking for nawk
configure:2817: result: no
configure:2787: checking for awk
configure:2803: found /usr/bin/awk
configure:2814: result: awk
configure:2825: checking whether make sets $(MAKE)
configure:2847: result: yes
configure:2876: checking whether make supports nested variables
configure:2893: result: yes
configure:3020: checking whether make sets $(MAKE)
configure:3042: result: yes
configure:3099: checking for gcc
configure:3115: found /usr/bin/gcc
configure:3126: result: gcc
configure:3355: checking for C compiler version
configure:3364: gcc --version >&5
Apple LLVM version 7.0.2 (clang-700.1.81)
Target: x86_64-apple-darwin15.3.0
Thread model: posix
Configured with: --prefix=/Applications/Xcode.app/Contents/Developer/usr --with-gxx-include-dir=/Applications/Xcode.app/Contents/Developer/Platforms/MacOSX.platform/Developer/SDKs/MacOSX10.11.sdk/usr/include/c++/4.2.1
configure:3375: $? = 0
configure:3364: gcc -v >&5
Configured with: --prefix=/Applications/Xcode.app/Contents/Developer/usr --with-gxx-include-dir=/Applications/Xcode.app/Contents/Developer/Platforms/MacOSX.platform/Developer/SDKs/MacOSX10.11.sdk/usr/include/c++/4.2.1
Apple LLVM version 7.0.2 (clang-700.1.81)
Target: x86_64-apple-darwin15.3.0
Thread model: posix
configure:3375: $? = 0
configure:3364: gcc -V >&5
clang: error: argument to '-V' is missing (expected 1 value)
clang: error: no input files
configure:3375: $? = 1
configure:3364: gcc -qversion >&5
clang: error: unknown argument: '-qversion'
clang: error: no input files
configure:3375: $? = 1
configure:3395: checking whether the C compiler works
configure:3417: gcc    conftest.c  >&5
configure:3421: $? = 0
configure:3469: result: yes
configure:3472: checking for C compiler default output file name
configure:3474: result: a.out
configure:3480: checking for suffix of executables
configure:3487: gcc -o conftest    conftest.c  >&5
configure:3491: $? = 0
configure:3513: result: 
configure:3535: checking whether we are cross compiling
configure:3543: gcc -o conftest    conftest.c  >&5
configure:3547: $? = 0
configure:3554: ./conftest
configure:3558: $? = 0
configure:3573: result: no
configure:3578: checking for suffix of object files
configure:3600: gcc -c   conftest.c >&5
configure:3604: $? = 0
configure:3625: result: o
configure:3629: checking whether we are using the GNU C compiler
configure:3648: gcc -c   conftest.c >&5
configure:3648: $? = 0
configure:3657: result: yes
configure:3666: checking whether gcc accepts -g
configure:3686: gcc -c -g  conftest.c >&5
configure:3686: $? = 0
configure:3727: result: yes
configure:3744: checking for gcc option to accept ISO C89
configure:3807: gcc  -c -g -O2  conftest.c >&5
configure:3807: $? = 0
configure:3820: result: none needed
configure:3845: checking whether gcc understands -c and -o together
configure:3867: gcc -c conftest.c -o conftest2.o
configure:3870: $? = 0
configure:3867: gcc -c conftest.c -o conftest2.o
configure:3870: $? = 0
configure:3882: result: yes
configure:3910: checking for style of include used by make
configure:3938: result: GNU
configure:3964: checking dependency style of gcc
configure:4075: result: gcc3
configure:4095: checking how to run the C preprocessor
configure:4126: gcc -E  conftest.c
configure:4126: $? = 0
configure:4140: gcc -E  conftest.c
conftest.c:11:10: fatal error: 'ac_nonexistent.h' file not found
#include <ac_nonexistent.h>
         ^
1 error generated.
configure:4140: $? = 1
configure: failed program was:
| /* confdefs.h */
| #define PACKAGE_NAME "gifsicle"
| #define PACKAGE_TARNAME "gifsicle"
| #define PACKAGE_VERSION "1.88"
| #define PACKAGE_STRING "gifsicle 1.88"
| #define PACKAGE_BUGREPORT ""
| #define PACKAGE_URL ""
| #define PACKAGE "gifsicle"
| #define VERSION "1.88"
| /* end confdefs.h.  */
| #include <ac_nonexistent.h>
configure:4165: result: gcc -E
configure:4185: gcc -E  conftest.c
configure:4185: $? = 0
configure:4199: gcc -E  conftest.c
conftest.c:11:10: fatal error: 'ac_nonexistent.h' file not found
#include <ac_nonexistent.h>
         ^
1 error generated.
configure:4199: $? = 1
configure: failed program was:
| /* confdefs.h */
| #define PACKAGE_NAME "gifsicle"
| #define PACKAGE_TARNAME "gifsicle"
| #define PACKAGE_VERSION "1.88"
| #define PACKAGE_STRING "gifsicle 1.88"
| #define PACKAGE_BUGREPORT ""
| #define PACKAGE_URL ""
| #define PACKAGE "gifsicle"
| #define VERSION "1.88"
| /* end confdefs.h.  */
| #include <ac_nonexistent.h>
configure:4228: checking for an ANSI C-conforming const
configure:4294: gcc -c -g -O2  conftest.c >&5
configure:4294: $? = 0
configure:4301: result: yes
configure:4309: checking for inline
configure:4325: gcc -c -g -O2  conftest.c >&5
configure:4325: $? = 0
configure:4333: result: inline
configure:4421: checking for X
configure:4529: gcc -E  conftest.c
conftest.c:11:10: fatal error: 'X11/Xlib.h' file not found
#include <X11/Xlib.h>
         ^
1 error generated.
configure:4529: $? = 1
configure: failed program was:
| /* confdefs.h */
| #define PACKAGE_NAME "gifsicle"
| #define PACKAGE_TARNAME "gifsicle"
| #define PACKAGE_VERSION "1.88"
| #define PACKAGE_STRING "gifsicle 1.88"
| #define PACKAGE_BUGREPORT ""
| #define PACKAGE_URL ""
| #define PACKAGE "gifsicle"
| #define VERSION "1.88"
| /* end confdefs.h.  */
| #include <X11/Xlib.h>
configure:4560: gcc -o conftest -g -O2   conftest.c -lX11  >&5
conftest.c:11:10: fatal error: 'X11/Xlib.h' file not found
#include <X11/Xlib.h>
         ^
1 error generated.
configure:4560: $? = 1
configure: failed program was:
| /* confdefs.h */
| #define PACKAGE_NAME "gifsicle"
| #define PACKAGE_TARNAME "gifsicle"
| #define PACKAGE_VERSION "1.88"
| #define PACKAGE_STRING "gifsicle 1.88"
| #define PACKAGE_BUGREPORT ""
| #define PACKAGE_URL ""
| #define PACKAGE "gifsicle"
| #define VERSION "1.88"
| /* end confdefs.h.  */
| #include <X11/Xlib.h>
| int
| main ()
| {
| XrmInitialize ()
|   ;
|   return 0;
| }
configure:4599: result: no
configure:5112: WARNING: Not compiling gifview since X is not available.
configure:5203: checking for random
configure:5203: gcc -o conftest -g -O2   conftest.c  >&5
configure:5203: $? = 0
configure:5203: result: yes
configure:5216: checking for strerror
configure:5216: gcc -o conftest -g -O2   conftest.c  >&5
conftest.c:37:6: warning: incompatible redeclaration of library function 'strerror' [-Wincompatible-library-redeclaration]
char strerror ();
     ^
conftest.c:37:6: note: 'strerror' is a builtin with type 'char *(int)'
1 warning generated.
configure:5216: $? = 0
configure:5216: result: yes
configure:5233: checking for strtoul
configure:5233: gcc -o conftest -g -O2   conftest.c  >&5
configure:5233: $? = 0
configure:5233: result: yes
configure:5233: checking for mkstemp
configure:5233: gcc -o conftest -g -O2   conftest.c  >&5
configure:5233: $? = 0
configure:5233: result: yes
configure:5242: checking for library containing pow
configure:5273: gcc -o conftest -g -O2   conftest.c  >&5
conftest.c:24:6: warning: incompatible redeclaration of library function 'pow' [-Wincompatible-library-redeclaration]
char pow ();
     ^
conftest.c:24:6: note: 'pow' is a builtin with type 'double (double, double)'
1 warning generated.
configure:5273: $? = 0
configure:5290: result: none required
configure:5301: checking for grep that handles long lines and -e
configure:5359: result: /usr/bin/grep
configure:5364: checking for egrep
configure:5426: result: /usr/bin/grep -E
configure:5431: checking for ANSI C header files
configure:5451: gcc -c -g -O2  conftest.c >&5
configure:5451: $? = 0
configure:5524: gcc -o conftest -g -O2   conftest.c  >&5
configure:5524: $? = 0
configure:5524: ./conftest
configure:5524: $? = 0
configure:5535: result: yes
configure:5548: checking for sys/types.h
configure:5548: gcc -c -g -O2  conftest.c >&5
configure:5548: $? = 0
configure:5548: result: yes
configure:5548: checking for sys/stat.h
configure:5548: gcc -c -g -O2  conftest.c >&5
configure:5548: $? = 0
configure:5548: result: yes
configure:5548: checking for stdlib.h
configure:5548: gcc -c -g -O2  conftest.c >&5
configure:5548: $? = 0
configure:5548: result: yes
configure:5548: checking for string.h
configure:5548: gcc -c -g -O2  conftest.c >&5
configure:5548: $? = 0
configure:5548: result: yes
configure:5548: checking for memory.h
configure:5548: gcc -c -g -O2  conftest.c >&5
configure:5548: $? = 0
configure:5548: result: yes
configure:5548: checking for strings.h
configure:5548: gcc -c -g -O2  conftest.c >&5
configure:5548: $? = 0
configure:5548: result: yes
configure:5548: checking for inttypes.h
configure:5548: gcc -c -g -O2  conftest.c >&5
configure:5548: $? = 0
configure:5548: result: yes
configure:5548: checking for stdint.h
configure:5548: gcc -c -g -O2  conftest.c >&5
configure:5548: $? = 0
configure:5548: result: yes
configure:5548: checking for unistd.h
configure:5548: gcc -c -g -O2  conftest.c >&5
configure:5548: $? = 0
configure:5548: result: yes
configure:5563: checking sys/select.h usability
configure:5563: gcc -c -g -O2  conftest.c >&5
configure:5563: $? = 0
configure:5563: result: yes
configure:5563: checking sys/select.h presence
configure:5563: gcc -E  conftest.c
configure:5563: $? = 0
configure:5563: result: yes
configure:5563: checking for sys/select.h
configure:5563: result: yes
configure:5563: checking for inttypes.h
configure:5563: result: yes
configure:5563: checking for unistd.h
configure:5563: result: yes
configure:5578: checking for inttypes.h
configure:5578: result: yes
configure:5592: checking for sys/types.h
configure:5592: result: yes
configure:5659: checking for uintptr_t
configure:5659: gcc -c -g -O2  conftest.c >&5
configure:5659: $? = 0
configure:5659: gcc -c -g -O2  conftest.c >&5
conftest.c:44:24: error: expected expression
if (sizeof ((uintptr_t)))
                       ^
1 error generated.
configure:5659: $? = 1
configure: failed program was:
| /* confdefs.h */
| #define PACKAGE_NAME "gifsicle"
| #define PACKAGE_TARNAME "gifsicle"
| #define PACKAGE_VERSION "1.88"
| #define PACKAGE_STRING "gifsicle 1.88"
| #define PACKAGE_BUGREPORT ""
| #define PACKAGE_URL ""
| #define PACKAGE "gifsicle"
| #define VERSION "1.88"
| #define X_DISPLAY_MISSING 1
| #define X_DISPLAY_MISSING 1
| #define RANDOM random
| #define HAVE_STRERROR 1
| #define HAVE_STRTOUL 1
| #define HAVE_MKSTEMP 1
| #define HAVE_POW 1
| #define STDC_HEADERS 1
| #define HAVE_SYS_TYPES_H 1
| #define HAVE_SYS_STAT_H 1
| #define HAVE_STDLIB_H 1
| #define HAVE_STRING_H 1
| #define HAVE_MEMORY_H 1
| #define HAVE_STRINGS_H 1
| #define HAVE_INTTYPES_H 1
| #define HAVE_STDINT_H 1
| #define HAVE_UNISTD_H 1
| #define HAVE_SYS_SELECT_H 1
| #define HAVE_INTTYPES_H 1
| #define HAVE_UNISTD_H 1
| #define HAVE_INTTYPES_H 1
| #define HAVE_SYS_TYPES_H 1
| /* end confdefs.h.  */
| #if HAVE_INTTYPES_H
| # include <inttypes.h>
| #endif
| #if HAVE_SYS_TYPES_H
| # include <sys/types.h>
| #endif
| 
| 
| int
| main ()
| {
| if (sizeof ((uintptr_t)))
| 	    return 0;
|   ;
|   return 0;
| }
configure:5659: result: yes
configure:5675: checking for int64_t
configure:5675: gcc -c -g -O2  conftest.c >&5
configure:5675: $? = 0
configure:5675: gcc -c -g -O2  conftest.c >&5
conftest.c:45:22: error: expected expression
if (sizeof ((int64_t)))
                     ^
1 error generated.
configure:5675: $? = 1
configure: failed program was:
| /* confdefs.h */
| #define PACKAGE_NAME "gifsicle"
| #define PACKAGE_TARNAME "gifsicle"
| #define PACKAGE_VERSION "1.88"
| #define PACKAGE_STRING "gifsicle 1.88"
| #define PACKAGE_BUGREPORT ""
| #define PACKAGE_URL ""
| #define PACKAGE "gifsicle"
| #define VERSION "1.88"
| #define X_DISPLAY_MISSING 1
| #define X_DISPLAY_MISSING 1
| #define RANDOM random
| #define HAVE_STRERROR 1
| #define HAVE_STRTOUL 1
| #define HAVE_MKSTEMP 1
| #define HAVE_POW 1
| #define STDC_HEADERS 1
| #define HAVE_SYS_TYPES_H 1
| #define HAVE_SYS_STAT_H 1
| #define HAVE_STDLIB_H 1
| #define HAVE_STRING_H 1
| #define HAVE_MEMORY_H 1
| #define HAVE_STRINGS_H 1
| #define HAVE_INTTYPES_H 1
| #define HAVE_STDINT_H 1
| #define HAVE_UNISTD_H 1
| #define HAVE_SYS_SELECT_H 1
| #define HAVE_INTTYPES_H 1
| #define HAVE_UNISTD_H 1
| #define HAVE_INTTYPES_H 1
| #define HAVE_SYS_TYPES_H 1
| #define HAVE_UINTPTR_T 1
| /* end confdefs.h.  */
| #if HAVE_INTTYPES_H
| # include <inttypes.h>
| #endif
| #if HAVE_SYS_TYPES_H
| # include <sys/types.h>
| #endif
| 
| 
| int
| main ()
| {
| if (sizeof ((int64_t)))
| 	    return 0;
|   ;
|   return 0;
| }
configure:5675: result: yes
configure:5697: checking size of unsigned int
configure:5702: gcc -o conftest -g -O2   conftest.c  >&5
configure:5702: $? = 0
configure:5702: ./conftest
configure:5702: $? = 0
configure:5716: result: 4
configure:5730: checking size of unsigned long
configure:5735: gcc -o conftest -g -O2   conftest.c  >&5
configure:5735: $? = 0
configure:5735: ./conftest
configure:5735: $? = 0
configure:5749: result: 8
configure:5763: checking size of void *
configure:5768: gcc -o conftest -g -O2   conftest.c  >&5
configure:5768: $? = 0
configure:5768: ./conftest
configure:5768: $? = 0
configure:5782: result: 8
configure:5923: checking that generated files are newer than configure
configure:5929: result: done
configure:5952: creating ./config.status

## ---------------------- ##
## Running config.status. ##
## ---------------------- ##

This file was extended by gifsicle config.status 1.88, which was
generated by GNU Autoconf 2.69.  Invocation command line was

  CONFIG_FILES    = 
  CONFIG_HEADERS  = 
  CONFIG_LINKS    = 
  CONFIG_COMMANDS = 
  $ ./config.status 

on Erics-MacBook-Pro.local

config.status:880: creating Makefile
config.status:880: creating src/Makefile
config.status:880: creating config.h
config.status:1109: executing depfiles commands

## ---------------- ##
## Cache variables. ##
## ---------------- ##

ac_cv_c_compiler_gnu=yes
ac_cv_c_const=yes
ac_cv_c_inline=inline
ac_cv_env_CC_set=
ac_cv_env_CC_value=
ac_cv_env_CFLAGS_set=
ac_cv_env_CFLAGS_value=
ac_cv_env_CPPFLAGS_set=
ac_cv_env_CPPFLAGS_value=
ac_cv_env_CPP_set=
ac_cv_env_CPP_value=
ac_cv_env_LDFLAGS_set=
ac_cv_env_LDFLAGS_value=
ac_cv_env_LIBS_set=
ac_cv_env_LIBS_value=
ac_cv_env_XMKMF_set=
ac_cv_env_XMKMF_value=
ac_cv_env_build_alias_set=
ac_cv_env_build_alias_value=
ac_cv_env_host_alias_set=
ac_cv_env_host_alias_value=
ac_cv_env_target_alias_set=
ac_cv_env_target_alias_value=
ac_cv_func_mkstemp=yes
ac_cv_func_random=yes
ac_cv_func_strerror=yes
ac_cv_func_strtoul=yes
ac_cv_have_x=have_x=no
ac_cv_header_inttypes_h=yes
ac_cv_header_memory_h=yes
ac_cv_header_stdc=yes
ac_cv_header_stdint_h=yes
ac_cv_header_stdlib_h=yes
ac_cv_header_string_h=yes
ac_cv_header_strings_h=yes
ac_cv_header_sys_select_h=yes
ac_cv_header_sys_stat_h=yes
ac_cv_header_sys_types_h=yes
ac_cv_header_unistd_h=yes
ac_cv_objext=o
ac_cv_path_EGREP='/usr/bin/grep -E'
ac_cv_path_GREP=/usr/bin/grep
ac_cv_path_install='/usr/bin/install -c'
ac_cv_prog_AWK=awk
ac_cv_prog_CPP='gcc -E'
ac_cv_prog_ac_ct_CC=gcc
ac_cv_prog_cc_c89=
ac_cv_prog_cc_g=yes
ac_cv_prog_make_make_set=yes
ac_cv_search_pow='none required'
ac_cv_sizeof_unsigned_int=4
ac_cv_sizeof_unsigned_long=8
ac_cv_sizeof_void_p=8
ac_cv_type_int64_t=yes
ac_cv_type_uintptr_t=yes
am_cv_CC_dependencies_compiler_type=gcc3
am_cv_make_support_nested_variables=yes
am_cv_prog_cc_c_o=yes

## ----------------- ##
## Output variables. ##
## ----------------- ##

ACLOCAL='${SHELL} /Users/ericfickes/Documents/Processing3/InputToGif/lib/gifsicle-1.88/missing aclocal-1.15'
AMDEPBACKSLASH='\'
AMDEP_FALSE='#'
AMDEP_TRUE=''
AMTAR='$${TAR-tar}'
AM_BACKSLASH='\'
AM_DEFAULT_V='$(AM_DEFAULT_VERBOSITY)'
AM_DEFAULT_VERBOSITY='1'
AM_V='$(V)'
AUTOCONF='${SHELL} /Users/ericfickes/Documents/Processing3/InputToGif/lib/gifsicle-1.88/missing autoconf'
AUTOHEADER='${SHELL} /Users/ericfickes/Documents/Processing3/InputToGif/lib/gifsicle-1.88/missing autoheader'
AUTOMAKE='${SHELL} /Users/ericfickes/Documents/Processing3/InputToGif/lib/gifsicle-1.88/missing automake-1.15'
AWK='awk'
CC='gcc'
CCDEPMODE='depmode=gcc3'
CFLAGS='-g -O2'
CPP='gcc -E'
CPPFLAGS=''
CYGPATH_W='echo'
DEFS='-DHAVE_CONFIG_H'
DEPDIR='.deps'
ECHO_C='\c'
ECHO_N=''
ECHO_T=''
EGREP='/usr/bin/grep -E'
EXEEXT=''
GIFWRITE_O='gifwrite.o'
GREP='/usr/bin/grep'
INSTALL_DATA='${INSTALL} -m 644'
INSTALL_PROGRAM='${INSTALL}'
INSTALL_SCRIPT='${INSTALL}'
INSTALL_STRIP_PROGRAM='$(install_sh) -c -s'
LDFLAGS=''
LIBOBJS=''
LIBS=''
LTLIBOBJS=''
MAKEINFO='${SHELL} /Users/ericfickes/Documents/Processing3/InputToGif/lib/gifsicle-1.88/missing makeinfo'
MKDIR_P='./install-sh -c -d'
OBJEXT='o'
OTHERMANS=' gifdiff.1'
OTHERPROGRAMS=' gifdiff$(EXEEXT)'
PACKAGE='gifsicle'
PACKAGE_BUGREPORT=''
PACKAGE_NAME='gifsicle'
PACKAGE_STRING='gifsicle 1.88'
PACKAGE_TARNAME='gifsicle'
PACKAGE_URL=''
PACKAGE_VERSION='1.88'
PATH_SEPARATOR=':'
SET_MAKE=''
SHELL='/bin/sh'
STRIP=''
VERSION='1.88'
WERROR=''
XMKMF=''
X_CFLAGS=''
X_EXTRA_LIBS=''
X_LIBS=''
X_PRE_LIBS=''
ac_ct_CC='gcc'
am__EXEEXT_FALSE=''
am__EXEEXT_TRUE='#'
am__fastdepCC_FALSE='#'
am__fastdepCC_TRUE=''
am__include='include'
am__isrc=''
am__leading_dot='.'
am__nodep='_no'
am__quote=''
am__tar='$${TAR-tar} chof - "$$tardir"'
am__untar='$${TAR-tar} xf -'
bindir='${exec_prefix}/bin'
build_alias=''
datadir='${datarootdir}'
datarootdir='${prefix}/share'
docdir='${datarootdir}/doc/${PACKAGE_TARNAME}'
dvidir='${docdir}'
exec_prefix='${prefix}'
host_alias=''
htmldir='${docdir}'
includedir='${prefix}/include'
infodir='${datarootdir}/info'
install_sh='${SHELL} /Users/ericfickes/Documents/Processing3/InputToGif/lib/gifsicle-1.88/install-sh'
libdir='${exec_prefix}/lib'
libexecdir='${exec_prefix}/libexec'
localedir='${datarootdir}/locale'
localstatedir='${prefix}/var'
mandir='${datarootdir}/man'
mkdir_p='$(MKDIR_P)'
oldincludedir='/usr/include'
pdfdir='${docdir}'
prefix='/usr/local'
program_transform_name='s,x,x,'
psdir='${docdir}'
sbindir='${exec_prefix}/sbin'
sharedstatedir='${prefix}/com'
sysconfdir='${prefix}/etc'
target_alias=''

## ----------- ##
## confdefs.h. ##
## ----------- ##

/* confdefs.h */
#define PACKAGE_NAME "gifsicle"
#define PACKAGE_TARNAME "gifsicle"
#define PACKAGE_VERSION "1.88"
#define PACKAGE_STRING "gifsicle 1.88"
#define PACKAGE_BUGREPORT ""
#define PACKAGE_URL ""
#define PACKAGE "gifsicle"
#define VERSION "1.88"
#define X_DISPLAY_MISSING 1
#define X_DISPLAY_MISSING 1
#define RANDOM random
#define HAVE_STRERROR 1
#define HAVE_STRTOUL 1
#define HAVE_MKSTEMP 1
#define HAVE_POW 1
#define STDC_HEADERS 1
#define HAVE_SYS_TYPES_H 1
#define HAVE_SYS_STAT_H 1
#define HAVE_STDLIB_H 1
#define HAVE_STRING_H 1
#define HAVE_MEMORY_H 1
#define HAVE_STRINGS_H 1
#define HAVE_INTTYPES_H 1
#define HAVE_STDINT_H 1
#define HAVE_UNISTD_H 1
#define HAVE_SYS_SELECT_H 1
#define HAVE_INTTYPES_H 1
#define HAVE_UNISTD_H 1
#define HAVE_INTTYPES_H 1
#define HAVE_SYS_TYPES_H 1
#define HAVE_UINTPTR_T 1
#define HAVE_INT64_T 1
#define SIZEOF_UNSIGNED_INT 4
#define SIZEOF_UNSIGNED_LONG 8
#define SIZEOF_VOID_P 8
#define PATHNAME_SEPARATOR '/'

configure: exit 0
